[debug] [2020-02-23T10:35:33.924Z] ----------------------------------------------------------------------
[debug] [2020-02-23T10:35:33.927Z] Command:       C:\Program Files\nodejs\node.exe C:\Users\ihabt\AppData\Roaming\npm\node_modules\firebase-tools\lib\bin\firebase.js init
[debug] [2020-02-23T10:35:33.927Z] CLI Version:   7.13.1
[debug] [2020-02-23T10:35:33.928Z] Platform:      win32
[debug] [2020-02-23T10:35:33.928Z] Node Version:  v10.16.3
[debug] [2020-02-23T10:35:33.929Z] Time:          Sun Feb 23 2020 12:35:33 GMT+0200 (Eastern European Standard Time)
[debug] [2020-02-23T10:35:33.929Z] ----------------------------------------------------------------------
[debug] [2020-02-23T10:35:33.929Z] 
[debug] [2020-02-23T10:35:33.945Z] > command requires scopes: ["email","openid","https://www.googleapis.com/auth/cloudplatformprojects.readonly","https://www.googleapis.com/auth/firebase","https://www.googleapis.com/auth/cloud-platform"]
[debug] [2020-02-23T10:35:33.946Z] > authorizing via signed-in user
[info] 
     ######## #### ########  ######## ########     ###     ######  ########
     ##        ##  ##     ## ##       ##     ##  ##   ##  ##       ##
     ######    ##  ########  ######   ########  #########  ######  ######
     ##        ##  ##    ##  ##       ##     ## ##     ##       ## ##
     ##       #### ##     ## ######## ########  ##     ##  ######  ########

You're about to initialize a Firebase project in this directory:

  D:\TDS\TDS12\tds\my-tds

[info] 
=== Project Setup
[info] 
[info] First, let's associate this project directory with a Firebase project.
[info] You can create multiple project aliases by running firebase use --add, 
[info] but for now we'll just set up a default project.
[info] 
[debug] [2020-02-23T10:36:48.538Z] > refreshing access token with scopes: ["email","https://www.googleapis.com/auth/cloud-platform","https://www.googleapis.com/auth/cloudplatformprojects.readonly","https://www.googleapis.com/auth/firebase","openid"]
[debug] [2020-02-23T10:36:48.538Z] >>> HTTP REQUEST POST https://www.googleapis.com/oauth2/v3/token  
 <request body omitted>
[debug] [2020-02-23T10:36:48.971Z] <<< HTTP RESPONSE 200
[debug] [2020-02-23T10:36:49.009Z] >>> HTTP REQUEST GET https://firebase.googleapis.com/v1beta1/projects?pageSize=100  
 
[debug] [2020-02-23T10:36:49.623Z] <<< HTTP RESPONSE 200
[info] i  Using project test-f3aab (Test)
[info] 
=== Database Setup
[info] 
[info] Firebase Realtime Database Rules allow you to define how your data should be
[info] structured and when your data can be read from and written to.
[info] 
[debug] [2020-02-23T10:37:05.710Z] >>> HTTP REQUEST GET https://test-f3aab.firebaseio.com/.settings/rules.json  
 
[debug] [2020-02-23T10:37:47.933Z] Error: connect ETIMEDOUT 35.201.97.85:443
    at TCPConnectWrap.afterConnect [as oncomplete] (net.js:1106:14)
[error] 
[error] Error: Server Error. connect ETIMEDOUT 35.201.97.85:443
